[1210/210713.873:ERROR:process_reader_win.cc(123)] NtOpenThread: {Access Denied} A process has requested access to an object, but has not been granted those access rights. (0xc0000022)
[1210/210713.874:ERROR:exception_snapshot_win.cc(98)] thread ID 16236 not found in process
[1226/173258.181:ERROR:process_reader_win.cc(123)] NtOpenThread: {Access Denied} A process has requested access to an object, but has not been granted those access rights. (0xc0000022)
[1226/173258.184:ERROR:exception_snapshot_win.cc(98)] thread ID 22344 not found in process
[1226/173258.276:ERROR:process_reader_win.cc(123)] NtOpenThread: {Access Denied} A process has requested access to an object, but has not been granted those access rights. (0xc0000022)
[1226/173258.278:ERROR:exception_snapshot_win.cc(98)] thread ID 11656 not found in process
[1226/173258.363:ERROR:process_reader_win.cc(123)] NtOpenThread: {Access Denied} A process has requested access to an object, but has not been granted those access rights. (0xc0000022)
[1226/173258.365:ERROR:exception_snapshot_win.cc(98)] thread ID 22168 not found in process
[0223/135810.680:ERROR:process_reader_win.cc(123)] NtOpenThread: {Access Denied} A process has requested access to an object, but has not been granted those access rights. (0xc0000022)
[0223/135810.684:ERROR:exception_snapshot_win.cc(98)] thread ID 19480 not found in process
[0223/135810.684:ERROR:scoped_process_suspend.cc(40)] NtResumeProcess: An attempt was made to access an exiting process. (0xc000010a)
[0223/135810.691:ERROR:process_reader_win.cc(123)] NtOpenThread: {Access Denied} A process has requested access to an object, but has not been granted those access rights. (0xc0000022)
[0223/135810.691:ERROR:exception_snapshot_win.cc(98)] thread ID 11156 not found in process
[0801/164926.409:ERROR:process_reader_win.cc(123)] NtOpenThread: {Access Denied} A process has requested access to an object, but has not been granted those access rights. (0xc0000022)
[0801/164926.410:ERROR:exception_snapshot_win.cc(98)] thread ID 1236 not found in process
[0801/164926.417:ERROR:process_reader_win.cc(123)] NtOpenThread: {Access Denied} A process has requested access to an object, but has not been granted those access rights. (0xc0000022)
[0801/164926.417:ERROR:exception_snapshot_win.cc(98)] thread ID 21304 not found in process
[0801/170717.331:ERROR:process_reader_win.cc(123)] NtOpenThread: {Access Denied} A process has requested access to an object, but has not been granted those access rights. (0xc0000022)
[0801/170717.331:ERROR:exception_snapshot_win.cc(98)] thread ID 11732 not found in process
[0801/170717.341:ERROR:process_reader_win.cc(123)] NtOpenThread: {Access Denied} A process has requested access to an object, but has not been granted those access rights. (0xc0000022)
[0801/170717.341:ERROR:exception_snapshot_win.cc(98)] thread ID 3768 not found in process
[0801/170717.352:ERROR:process_reader_win.cc(123)] NtOpenThread: {Access Denied} A process has requested access to an object, but has not been granted those access rights. (0xc0000022)
[0801/170717.352:ERROR:exception_snapshot_win.cc(98)] thread ID 24240 not found in process
[0801/170717.754:ERROR:process_reader_win.cc(123)] NtOpenThread: {Access Denied} A process has requested access to an object, but has not been granted those access rights. (0xc0000022)
[0801/170717.757:ERROR:exception_snapshot_win.cc(98)] thread ID 19460 not found in process
[0801/170717.766:ERROR:process_reader_win.cc(123)] NtOpenThread: {Access Denied} A process has requested access to an object, but has not been granted those access rights. (0xc0000022)
[0801/170717.766:ERROR:exception_snapshot_win.cc(98)] thread ID 14668 not found in process
[0801/170717.913:ERROR:process_reader_win.cc(123)] NtOpenThread: {Access Denied} A process has requested access to an object, but has not been granted those access rights. (0xc0000022)
[0801/170717.919:ERROR:exception_snapshot_win.cc(98)] thread ID 18944 not found in process
[0801/170717.940:ERROR:process_reader_win.cc(123)] NtOpenThread: {Access Denied} A process has requested access to an object, but has not been granted those access rights. (0xc0000022)
[0801/170717.940:ERROR:exception_snapshot_win.cc(98)] thread ID 21600 not found in process
[0804/165641.903:ERROR:process_reader_win.cc(123)] NtOpenThread: {Access Denied} A process has requested access to an object, but has not been granted those access rights. (0xc0000022)
[0804/165641.903:ERROR:exception_snapshot_win.cc(98)] thread ID 3520 not found in process
[0804/165641.920:ERROR:process_reader_win.cc(123)] NtOpenThread: {Access Denied} A process has requested access to an object, but has not been granted those access rights. (0xc0000022)
[0804/165641.920:ERROR:exception_snapshot_win.cc(98)] thread ID 11944 not found in process
[0805/153427.368:ERROR:process_reader_win.cc(151)] SuspendThread: Access is denied. (0x5)
[0805/153427.368:ERROR:process_reader_win.cc(123)] NtOpenThread: {Access Denied} A process has requested access to an object, but has not been granted those access rights. (0xc0000022)
[0805/153427.368:ERROR:exception_snapshot_win.cc(98)] thread ID 21980 not found in process
[0805/153427.404:ERROR:process_reader_win.cc(123)] NtOpenThread: {Access Denied} A process has requested access to an object, but has not been granted those access rights. (0xc0000022)
[0805/153427.404:ERROR:exception_snapshot_win.cc(98)] thread ID 17116 not found in process
[0904/112713.342:ERROR:process_reader_win.cc(123)] NtOpenThread: {Access Denied} A process has requested access to an object, but has not been granted those access rights. (0xc0000022)
[0904/112713.343:ERROR:exception_snapshot_win.cc(99)] thread ID 13212 not found in process
[0904/112713.359:ERROR:process_reader_win.cc(123)] NtOpenThread: {Access Denied} A process has requested access to an object, but has not been granted those access rights. (0xc0000022)
[0904/112713.359:ERROR:exception_snapshot_win.cc(99)] thread ID 1108 not found in process
[0904/113306.112:ERROR:process_reader_win.cc(123)] NtOpenThread: {Access Denied} A process has requested access to an object, but has not been granted those access rights. (0xc0000022)
[0904/113306.113:ERROR:exception_snapshot_win.cc(99)] thread ID 11652 not found in process
[0904/113306.122:ERROR:process_reader_win.cc(123)] NtOpenThread: {Access Denied} A process has requested access to an object, but has not been granted those access rights. (0xc0000022)
[0904/113306.122:ERROR:exception_snapshot_win.cc(99)] thread ID 22148 not found in process
[0904/113306.362:ERROR:process_reader_win.cc(123)] NtOpenThread: {Access Denied} A process has requested access to an object, but has not been granted those access rights. (0xc0000022)
[0904/113306.367:ERROR:exception_snapshot_win.cc(99)] thread ID 29436 not found in process
[0904/113306.371:ERROR:process_reader_win.cc(123)] NtOpenThread: {Access Denied} A process has requested access to an object, but has not been granted those access rights. (0xc0000022)
[0904/113306.371:ERROR:exception_snapshot_win.cc(99)] thread ID 4440 not found in process
[1021/163931.576:ERROR:directory_reader_win.cc(43)] FindFirstFile: The system cannot find the path specified. (0x3)
[1021/165705.041:ERROR:directory_reader_win.cc(43)] FindFirstFile: The system cannot find the path specified. (0x3)
[1021/165906.832:ERROR:directory_reader_win.cc(43)] FindFirstFile: The system cannot find the path specified. (0x3)
[1021/170144.255:ERROR:directory_reader_win.cc(43)] FindFirstFile: The system cannot find the path specified. (0x3)
[1026/145228.478:ERROR:directory_reader_win.cc(43)] FindFirstFile: The system cannot find the path specified. (0x3)
[1026/152049.954:ERROR:directory_reader_win.cc(43)] FindFirstFile: The system cannot find the path specified. (0x3)
[1026/153042.366:ERROR:directory_reader_win.cc(43)] FindFirstFile: The system cannot find the path specified. (0x3)
[1026/210114.663:ERROR:directory_reader_win.cc(43)] FindFirstFile: The system cannot find the path specified. (0x3)
[1027/154329.464:ERROR:directory_reader_win.cc(43)] FindFirstFile: The system cannot find the path specified. (0x3)
[1027/154600.558:ERROR:directory_reader_win.cc(43)] FindFirstFile: The system cannot find the path specified. (0x3)
[1028/150852.383:ERROR:directory_reader_win.cc(43)] FindFirstFile: The system cannot find the path specified. (0x3)
[1028/150908.640:ERROR:directory_reader_win.cc(43)] FindFirstFile: The system cannot find the path specified. (0x3)
[1028/152123.219:ERROR:directory_reader_win.cc(43)] FindFirstFile: The system cannot find the path specified. (0x3)
[1028/153005.880:ERROR:directory_reader_win.cc(43)] FindFirstFile: The system cannot find the path specified. (0x3)
[1028/153019.735:ERROR:directory_reader_win.cc(43)] FindFirstFile: The system cannot find the path specified. (0x3)
[1028/153457.721:ERROR:directory_reader_win.cc(43)] FindFirstFile: The system cannot find the path specified. (0x3)
[1028/153516.836:ERROR:directory_reader_win.cc(43)] FindFirstFile: The system cannot find the path specified. (0x3)
[1028/161011.846:ERROR:process_reader_win.cc(123)] NtOpenThread: {Access Denied} A process has requested access to an object, but has not been granted those access rights. (0xc0000022)
[1028/161011.847:ERROR:exception_snapshot_win.cc(99)] thread ID 17564 not found in process
[1028/161011.867:ERROR:process_reader_win.cc(123)] NtOpenThread: {Access Denied} A process has requested access to an object, but has not been granted those access rights. (0xc0000022)
[1028/161011.867:ERROR:exception_snapshot_win.cc(99)] thread ID 20464 not found in process
[1028/170020.412:ERROR:directory_reader_win.cc(43)] FindFirstFile: The system cannot find the path specified. (0x3)
[1028/170033.415:ERROR:directory_reader_win.cc(43)] FindFirstFile: The system cannot find the path specified. (0x3)
